<?xml version="1.0" encoding="UTF-8"?>
<!-- Generated by org.testng.reporters.JUnitReportReporter -->
<testsuite hostname="LAPTOP-RRO4KGR3" failures="0" tests="1" name="com.w2a.testcases.BankManagerLoginTest" time="3.435" errors="0" timestamp="30 Jul 2021 05:49:33 GMT" skipped="0">
  <testcase classname="com.w2a.testcases.BankManagerLoginTest" name="bankManagerLoginTest" time="3.435"/>
</testsuite> <!-- com.w2a.testcases.BankManagerLoginTest -->
